
=== Tue Feb  8 20:57:41 2022

Packages were changed.
Update Mode: updateDependencies

The following packages were updated:
  com.unity.ide.rider from version 1.2.1 to 2.0.7
  com.unity.test-framework from version 1.1.18 to 1.1.24
  com.unity.timeline from version 1.2.9 to 1.4.6

=== Wed Sep  6 12:31:50 2023

Packages were changed.
Update Mode: updateDependencies

The following packages were added:
  com.unity.ai.navigation@1.1.3
The following packages were updated:
  com.unity.collab-proxy from version 1.3.9 to 2.0.4
  com.unity.ide.rider from version 2.0.7 to 3.0.21
  com.unity.ide.visualstudio from version 2.0.7 to 2.0.18
  com.unity.ide.vscode from version 1.2.3 to 1.2.5
  com.unity.test-framework from version 1.1.24 to 1.1.33
  com.unity.textmeshpro from version 3.0.1 to 3.0.6
  com.unity.timeline from version 1.4.6 to 1.7.4
